<?xml version="1.0" encoding="UTF-8"?>
<!-- Generated by org.testng.reporters.JUnitReportReporter -->
<testsuite hostname="DESKTOP-LJMQIG8" failures="0" tests="1" name="jdbc.ExecuteQueryJDBC" time="0.620" errors="0" timestamp="2023-12-30T07:57:08 IST" skipped="0">
  <testcase classname="jdbc.ExecuteQueryJDBC" name="readDataFromDataBase" time="0.620"/>
  <system-out/>
</testsuite> <!-- jdbc.ExecuteQueryJDBC -->
