<?xml version="1.0" encoding="UTF-8"?>
<!-- Generated by org.testng.reporters.JUnitReportReporter -->
<testsuite hostname="DESKTOP-LJMQIG8" failures="0" tests="1" name="jdbc.ExecuteUpdate" time="0.609" errors="0" timestamp="2023-12-30T07:56:35 IST" skipped="0">
  <testcase classname="jdbc.ExecuteUpdate" name="executeUpdate" time="0.609"/>
  <system-out/>
</testsuite> <!-- jdbc.ExecuteUpdate -->
